[ 2015-10-21T00:19:37+08:00 ] 127.0.0.1 /Admin/Goods/ajaxDeleGoodsAttr/gaid/2
INFO: [ app_begin ] --START--
INFO: Run Behavior\ReadHtmlCacheBehavior [ RunTime:0.001001s ]
INFO: [ app_begin ] --END-- [ RunTime:0.002001s ]
NOTIC: [8192] mysql_connect(): The mysql extension is deprecated and will be removed in the future: use mysqli or PDO instead D:\shop\ThinkPHP\Library\Think\Db\Driver\Mysql.class.php 第 52 行.
SQL: SELECT COUNT(*) has FROM shop_privilege [ RunTime:0.000000s ]
ERR: 非法操作:ajaxDeleGoodsAttr

[ 2015-10-21T00:21:40+08:00 ] 127.0.0.1 /Admin/Goods/ajaxDelGoodsAttr/gaid/2
INFO: [ app_begin ] --START--
INFO: Run Behavior\ReadHtmlCacheBehavior [ RunTime:0.026002s ]
INFO: [ app_begin ] --END-- [ RunTime:0.028002s ]
NOTIC: [8192] mysql_connect(): The mysql extension is deprecated and will be removed in the future: use mysqli or PDO instead D:\shop\ThinkPHP\Library\Think\Db\Driver\Mysql.class.php 第 52 行.
SQL: SELECT COUNT(*) has FROM shop_privilege [ RunTime:0.001001s ]
SQL: SHOW COLUMNS FROM `shop_goods_attr` [ RunTime:0.020002s ]
SQL: DELETE FROM `shop_goods_attr` WHERE ( `id` = 2 ) [ RunTime:0.001000s ]
INFO: [ app_end ] --START--
INFO: Run Behavior\ShowPageTraceBehavior [ RunTime:0.001000s ]
INFO: [ app_end ] --END-- [ RunTime:0.002000s ]

[ 2015-10-21T00:22:19+08:00 ] 127.0.0.1 /Admin/Goods/ajaxDelGoodsAttr/gaid/29
INFO: [ app_begin ] --START--
INFO: Run Behavior\ReadHtmlCacheBehavior [ RunTime:0.001000s ]
INFO: [ app_begin ] --END-- [ RunTime:0.002000s ]
NOTIC: [8192] mysql_connect(): The mysql extension is deprecated and will be removed in the future: use mysqli or PDO instead D:\shop\ThinkPHP\Library\Think\Db\Driver\Mysql.class.php 第 52 行.
SQL: SELECT COUNT(*) has FROM shop_privilege [ RunTime:0.000000s ]
SQL: SHOW COLUMNS FROM `shop_goods_attr` [ RunTime:0.008001s ]
SQL: DELETE FROM `shop_goods_attr` WHERE ( `id` = 29 ) [ RunTime:0.001000s ]
INFO: [ app_end ] --START--
INFO: Run Behavior\ShowPageTraceBehavior [ RunTime:0.001000s ]
INFO: [ app_end ] --END-- [ RunTime:0.001000s ]

[ 2015-10-21T07:45:13+08:00 ] 127.0.0.1 /Admin/Goods/recyclelst
ERR: Think\Model:search方法不存在！

[ 2015-10-21T07:46:07+08:00 ] 127.0.0.1 /Admin/Goods/recyclelst
ERR: Think\Model:search方法不存在！

[ 2015-10-21T07:47:41+08:00 ] 127.0.0.1 /Admin/Goods/recyclelst
ERR: Think\Model:search方法不存在！

[ 2015-10-21T07:48:24+08:00 ] 127.0.0.1 /Admin/Goods/recyclelst
ERR: Think\Model:search方法不存在！

[ 2015-10-21T07:50:44+08:00 ] 127.0.0.1 /Admin/Goods/recyclelst.html
ERR: Think\Model:search方法不存在！

